<?xml version="1.0" encoding="UTF-8"?>
<!-- Generated by org.testng.reporters.JUnitXMLReporter -->
<testsuite ignored="0" hostname="HI" failures="0" tests="5" name="Test" time="39.009" errors="0" timestamp="2023-06-13T17:55:05 IST">
  <testcase classname="Scripts.Login_Tests" name="validCredentials" time="3.974"/>
  <testcase classname="Scripts.Login_Tests" name="invalidCredentials" time="3.062"/>
  <testcase classname="Scripts.Signup_test" name="validDetails" time="5.332"/>
  <testcase classname="Scripts.Signup_test" name="invalidEmailid" time="2.949"/>
  <testcase classname="Scripts.Signup_test" name="passwordMismatch" time="3.114"/>
</testsuite> <!-- Test -->
